<?xml version="1.0" encoding="UTF-8"?>
<!-- Generated by org.testng.reporters.JUnitReportReporter -->
<testsuite skipped="0" hostname="LAPTOP-57BSH6H6" name="MouseMoments.Mouseover" tests="1" failures="0" timestamp="2021-06-27T07:26:32 IST" time="17.057" errors="0">
  <testcase name="mouseOver" time="17.057" classname="MouseMoments.Mouseover"/>
  <system-out/>
</testsuite> <!-- MouseMoments.Mouseover -->
