<?xml version="1.0" encoding="UTF-8"?>
<!-- Generated by org.testng.reporters.JUnitReportReporter -->
<testsuite skipped="0" hostname="LAPTOP-57BSH6H6" name="com.hyr.Test.testbasics" tests="2" failures="0" timestamp="2021-07-31T07:13:13 IST" time="9.648" errors="0">
  <testcase name="googleSearchTitle" time="5.035" classname="com.hyr.Test.testbasics"/>
  <system-out/>
  <testcase name="facebookPage" time="4.613" classname="com.hyr.Test.testbasics"/>
  <system-out/>
</testsuite> <!-- com.hyr.Test.testbasics -->
