<?xml version="1.0" encoding="UTF-8"?>
<!-- Generated by org.testng.reporters.JUnitReportReporter -->
<testsuite skipped="0" hostname="LAPTOP-57BSH6H6" name="TestNGPrac.XpathPart1" tests="2" failures="0" timestamp="2022-03-27T13:28:53 IST" time="19.113" errors="0">
  <testcase name="relativeXpath" time="10.499" classname="TestNGPrac.XpathPart1"/>
  <system-out/>
  <testcase name="absoluteXpath" time="8.614" classname="TestNGPrac.XpathPart1"/>
  <system-out/>
</testsuite> <!-- TestNGPrac.XpathPart1 -->
