<?xml version="1.0" encoding="UTF-8"?>
<!-- Generated by org.testng.reporters.JUnitReportReporter -->
<testsuite skipped="0" hostname="LAPTOP-57BSH6H6" name="seleniumprc.exeptionsinSelenium" tests="1" failures="0" timestamp="2022-04-14T06:36:02 IST" time="27.269" errors="0">
  <testcase name="exep" time="27.269" classname="seleniumprc.exeptionsinSelenium"/>
  <system-out/>
</testsuite> <!-- seleniumprc.exeptionsinSelenium -->
