<?xml version="1.0" encoding="UTF-8"?>
<!-- Generated by org.testng.reporters.JUnitReportReporter -->
<testsuite skipped="0" hostname="LAPTOP-57BSH6H6" name="javaScriptExecutor.javaScriptExecuterscroll" tests="1" failures="0" timestamp="2022-04-15T20:21:59 IST" time="20.360" errors="0">
  <testcase name="scroll" time="20.360" classname="javaScriptExecutor.javaScriptExecuterscroll"/>
  <system-out/>
</testsuite> <!-- javaScriptExecutor.javaScriptExecuterscroll -->
