<?xml version="1.0" encoding="UTF-8"?>
<!-- Generated by org.testng.reporters.JUnitReportReporter -->
<testsuite skipped="1" hostname="LAPTOP-57BSH6H6" name="testNG.assertionsinTestNG" tests="2" failures="0" timestamp="2022-03-30T13:27:32 IST" time="9.857" errors="0">
  <testcase name="testFacebook" time="9.857" classname="testNG.assertionsinTestNG"/>
  <system-out/>
  <testcase name="publictestNGAsserations" classname="testNG.assertionsinTestNG">
    <skipped/>
  </testcase> <!-- publictestNGAsserations -->
  <system-out/>
</testsuite> <!-- testNG.assertionsinTestNG -->
