<?xml version="1.0" encoding="UTF-8"?>
<!-- Generated by org.testng.reporters.JUnitReportReporter -->
<testsuite skipped="0" hostname="LAPTOP-57BSH6H6" name="TestNGPrac.TestNGAnnotations" tests="1" failures="0" timestamp="2022-03-26T17:17:43 IST" time="13.805" errors="0">
  <testcase name="test" time="13.805" classname="TestNGPrac.TestNGAnnotations"/>
  <system-out/>
</testsuite> <!-- TestNGPrac.TestNGAnnotations -->
