<?xml version="1.0" encoding="UTF-8"?>
<!-- Generated by org.testng.reporters.JUnitReportReporter -->
<testsuite skipped="0" hostname="LAPTOP-57BSH6H6" name="javaScriptExecutor.javaScriptExecuterforenteringtext" tests="1" failures="0" timestamp="2022-04-06T17:13:04 IST" time="9.567" errors="0">
  <testcase name="JsExecutorforEnteringText" time="9.567" classname="javaScriptExecutor.javaScriptExecuterforenteringtext"/>
  <system-out/>
</testsuite> <!-- javaScriptExecutor.javaScriptExecuterforenteringtext -->
