<?xml version="1.0" encoding="UTF-8"?>
<!-- Generated by org.testng.reporters.JUnitReportReporter -->
<testsuite skipped="0" hostname="LAPTOP-57BSH6H6" name="ParametersInTestNG.ParametersInTestNG" tests="1" failures="0" timestamp="2021-07-03T19:50:56 IST" time="14.388" errors="0">
  <testcase name="TestNGParameters" time="14.388" classname="ParametersInTestNG.ParametersInTestNG"/>
  <system-out/>
</testsuite> <!-- ParametersInTestNG.ParametersInTestNG -->
