<?xml version="1.0" encoding="UTF-8"?>
<!-- Generated by org.testng.reporters.JUnitReportReporter -->
<testsuite skipped="0" hostname="LAPTOP-57BSH6H6" name="javaScriptExecutor.javaScriptExecutorAlert" tests="1" failures="0" timestamp="2022-04-06T16:25:59 IST" time="18.185" errors="0">
  <testcase name="javaScriptAlertDemo" time="18.185" classname="javaScriptExecutor.javaScriptExecutorAlert"/>
  <system-out/>
</testsuite> <!-- javaScriptExecutor.javaScriptExecutorAlert -->
