<?xml version="1.0" encoding="UTF-8"?>
<!-- Generated by org.testng.reporters.JUnitReportReporter -->
<testsuite skipped="0" hostname="LAPTOP-57BSH6H6" name="TestNG.TestgnFirstProg01" tests="6" failures="0" timestamp="2021-06-12T18:14:34 IST" time="22.946" errors="0">
  <testcase name="getTitleofGoogle" time="6.081" classname="TestNG.TestgnFirstProg01"/>
  <system-out/>
  <testcase name="VerifyGoogelImage" time="3.374" classname="TestNG.TestgnFirstProg01"/>
  <system-out/>
  <testcase name="VerifyTextEmail" time="3.484" classname="TestNG.TestgnFirstProg01"/>
  <system-out/>
  <testcase name="VerifyGoogleSearch" time="2.899" classname="TestNG.TestgnFirstProg01"/>
  <system-out/>
  <testcase name="VerifytextinGooglehomepage" time="3.311" classname="TestNG.TestgnFirstProg01"/>
  <system-out/>
  <testcase name="VerifyKannadaText" time="3.797" classname="TestNG.TestgnFirstProg01"/>
  <system-out/>
</testsuite> <!-- TestNG.TestgnFirstProg01 -->
