<?xml version="1.0" encoding="UTF-8"?>
<!-- Generated by org.testng.reporters.JUnitReportReporter -->
<testsuite skipped="0" hostname="LAPTOP-57BSH6H6" name="testNG.testng0002" tests="1" failures="0" timestamp="2021-07-21T07:27:18 IST" time="0.005" errors="0">
  <testcase name="testNGprog03" time="0.005" classname="testNG.testng0002"/>
  <system-out/>
</testsuite> <!-- testNG.testng0002 -->
