<?xml version="1.0" encoding="UTF-8"?>
<!-- Generated by org.testng.reporters.JUnitReportReporter -->
<testsuite skipped="0" hostname="LAPTOP-57BSH6H6" name="TestNG.InvocationCount" tests="10" failures="0" timestamp="2021-06-12T18:14:34 IST" time="0.009" errors="0">
  <testcase name="SumoftwoNum" time="0.001" classname="TestNG.InvocationCount"/>
  <system-out/>
  <testcase name="SumoftwoNum" time="0.000" classname="TestNG.InvocationCount"/>
  <system-out/>
  <testcase name="SumoftwoNum" time="0.001" classname="TestNG.InvocationCount"/>
  <system-out/>
  <testcase name="SumoftwoNum" time="0.001" classname="TestNG.InvocationCount"/>
  <system-out/>
  <testcase name="SumoftwoNum" time="0.001" classname="TestNG.InvocationCount"/>
  <system-out/>
  <testcase name="SumoftwoNum" time="0.000" classname="TestNG.InvocationCount"/>
  <system-out/>
  <testcase name="SumoftwoNum" time="0.001" classname="TestNG.InvocationCount"/>
  <system-out/>
  <testcase name="SumoftwoNum" time="0.000" classname="TestNG.InvocationCount"/>
  <system-out/>
  <testcase name="SumoftwoNum" time="0.001" classname="TestNG.InvocationCount"/>
  <system-out/>
  <testcase name="SumoftwoNum" time="0.003" classname="TestNG.InvocationCount"/>
  <system-out/>
</testsuite> <!-- TestNG.InvocationCount -->
