<?xml version="1.0" encoding="UTF-8"?>
<!-- Generated by org.testng.reporters.JUnitReportReporter -->
<testsuite skipped="0" hostname="LAPTOP-57BSH6H6" name="testNG.hyrTestNG" tests="2" failures="0" timestamp="2021-07-31T06:46:40 IST" time="10.831" errors="0">
  <testcase name="googleSearch" time="6.152" classname="testNG.hyrTestNG"/>
  <system-out/>
  <testcase name="facebook" time="4.679" classname="testNG.hyrTestNG"/>
  <system-out/>
</testsuite> <!-- testNG.hyrTestNG -->
