<?xml version="1.0" encoding="UTF-8"?>
<!-- Generated by org.testng.reporters.JUnitReportReporter -->
<testsuite skipped="0" hostname="LAPTOP-57BSH6H6" name="Udemy.StreamsBasics" tests="4" failures="0" timestamp="2021-06-26T09:34:42 IST" time="0.011" errors="0">
  <testcase name="mapsstream" time="0.006" classname="Udemy.StreamsBasics"/>
  <system-out/>
  <testcase name="streamsTest" time="0.003" classname="Udemy.StreamsBasics"/>
  <system-out/>
  <testcase name="regular" time="0.000" classname="Udemy.StreamsBasics"/>
  <system-out/>
  <testcase name="soringinstreams" time="0.002" classname="Udemy.StreamsBasics"/>
  <system-out/>
</testsuite> <!-- Udemy.StreamsBasics -->
