<?xml version="1.0" encoding="UTF-8"?>
<!-- Generated by org.testng.reporters.JUnitReportReporter -->
<testsuite skipped="0" hostname="LAPTOP-57BSH6H6" name="test0001.parallelTesting2" tests="3" failures="0" timestamp="2022-03-26T05:19:19 IST" time="0.016" errors="0">
  <testcase name="test05" time="0.008" classname="test0001.parallelTesting2"/>
  <system-out/>
  <testcase name="test04" time="0.008" classname="test0001.parallelTesting2"/>
  <system-out/>
  <testcase name="test06" time="0.000" classname="test0001.parallelTesting2"/>
  <system-out/>
</testsuite> <!-- test0001.parallelTesting2 -->
