<?xml version="1.0" encoding="UTF-8"?>
<!-- Generated by org.testng.reporters.JUnitReportReporter -->
<testsuite skipped="0" hostname="LAPTOP-57BSH6H6" name="TestNG.TestNGBasics" tests="3" failures="0" timestamp="2021-06-12T18:14:34 IST" time="0.003" errors="0">
  <testcase name="EmailTextTest" time="0.001" classname="TestNG.TestNGBasics"/>
  <system-out/>
  <testcase name="GoogleImageTest" time="0.002" classname="TestNG.TestNGBasics"/>
  <system-out/>
  <testcase name="GoogleTextTest" time="0.000" classname="TestNG.TestNGBasics"/>
  <system-out/>
</testsuite> <!-- TestNG.TestNGBasics -->
