<?xml version="1.0" encoding="UTF-8"?>
<!-- Generated by org.testng.reporters.JUnitReportReporter -->
<testsuite skipped="0" hostname="LAPTOP-57BSH6H6" name="testNG.testNG001" tests="2" failures="0" timestamp="2021-07-21T07:27:18 IST" time="0.001" errors="0">
  <testcase name="testNGtc01" time="0.000" classname="testNG.testNG001"/>
  <system-out/>
  <testcase name="testNGtc02" time="0.001" classname="testNG.testNG001"/>
  <system-out/>
</testsuite> <!-- testNG.testNG001 -->
