<?xml version="1.0" encoding="UTF-8"?>
<!-- Generated by org.testng.reporters.JUnitReportReporter -->
<testsuite skipped="0" hostname="LAPTOP-57BSH6H6" name="test0001.test1234" tests="10" failures="0" timestamp="2022-03-25T20:37:19 IST" time="0.097" errors="0">
  <testcase name="test" time="0.009" classname="test0001.test1234"/>
  <system-out/>
  <testcase name="test" time="0.009" classname="test0001.test1234"/>
  <system-out/>
  <testcase name="test" time="0.012" classname="test0001.test1234"/>
  <system-out/>
  <testcase name="test" time="0.009" classname="test0001.test1234"/>
  <system-out/>
  <testcase name="test" time="0.009" classname="test0001.test1234"/>
  <system-out/>
  <testcase name="test" time="0.010" classname="test0001.test1234"/>
  <system-out/>
  <testcase name="test" time="0.011" classname="test0001.test1234"/>
  <system-out/>
  <testcase name="test" time="0.010" classname="test0001.test1234"/>
  <system-out/>
  <testcase name="test" time="0.009" classname="test0001.test1234"/>
  <system-out/>
  <testcase name="test" time="0.009" classname="test0001.test1234"/>
  <system-out/>
</testsuite> <!-- test0001.test1234 -->
