<?xml version="1.0" encoding="UTF-8"?>
<!-- Generated by org.testng.reporters.JUnitReportReporter -->
<testsuite skipped="0" hostname="LAPTOP-57BSH6H6" name="javaScriptExecutor.javaScriptExecuterClick" tests="1" failures="0" timestamp="2022-04-06T21:30:35 IST" time="31.811" errors="0">
  <testcase name="JsExecutorClick" time="31.811" classname="javaScriptExecutor.javaScriptExecuterClick"/>
  <system-out/>
</testsuite> <!-- javaScriptExecutor.javaScriptExecuterClick -->
