<?xml version="1.0" encoding="UTF-8"?>
<!-- Generated by org.testng.reporters.JUnitReportReporter -->
<testsuite skipped="0" hostname="LAPTOP-57BSH6H6" name="test0001.parallelTesting" tests="2" failures="0" timestamp="2022-03-26T05:29:28 IST" time="8.235" errors="0">
  <testcase name="test01" time="4.851" classname="test0001.parallelTesting"/>
  <system-out/>
  <testcase name="test02" time="3.384" classname="test0001.parallelTesting"/>
  <system-out/>
</testsuite> <!-- test0001.parallelTesting -->
