<?xml version="1.0" encoding="UTF-8"?>
<!-- Generated by org.testng.reporters.JUnitReportReporter -->
<testsuite skipped="0" hostname="LAPTOP-57BSH6H6" name="SeleniumPractice.mouseMoments" tests="1" failures="0" timestamp="2022-03-26T17:12:00 IST" time="22.486" errors="0">
  <testcase name="mouseMoment" time="22.486" classname="SeleniumPractice.mouseMoments"/>
  <system-out/>
</testsuite> <!-- SeleniumPractice.mouseMoments -->
