<?xml version="1.0" encoding="UTF-8"?>
<!-- Generated by org.testng.reporters.JUnitReportReporter -->
<testsuite skipped="0" hostname="LAPTOP-57BSH6H6" name="testNG.XpathOperatorsandFuncations" tests="1" failures="0" timestamp="2022-03-28T09:50:25 IST" time="11.767" errors="0">
  <testcase name="xpathopearators" time="11.767" classname="testNG.XpathOperatorsandFuncations"/>
  <system-out/>
</testsuite> <!-- testNG.XpathOperatorsandFuncations -->
